#
# There is insufficient memory for the Java Runtime Environment to continue.
# Native memory allocation (mmap) failed to map 65536 bytes for Failed to commit metaspace.
# Possible reasons:
#   The system is out of physical RAM or swap space
#   The process is running with CompressedOops enabled, and the Java Heap may be blocking the growth of the native heap
# Possible solutions:
#   Reduce memory load on the system
#   Increase physical memory or swap space
#   Check if swap backing store is full
#   Decrease Java heap size (-Xmx/-Xms)
#   Decrease number of Java threads
#   Decrease Java thread stack sizes (-Xss)
#   Set larger code cache with -XX:ReservedCodeCacheSize=
#   JVM is running with Zero Based Compressed Oops mode in which the Java heap is
#     placed in the first 32GB address space. The Java Heap base address is the
#     maximum limit for the native heap growth. Please use -XX:HeapBaseMinAddress
#     to set the Java Heap base and to place the Java Heap above 32GB virtual address.
# This output file may be truncated or incomplete.
#
#  Out of Memory Error (virtualSpaceNode.cpp:110), pid=30700, tid=10028
#
# JRE version: OpenJDK Runtime Environment (20.0.1+9) (build 20.0.1+9-29)
# Java VM: OpenJDK 64-Bit Server VM (20.0.1+9-29, mixed mode, sharing, tiered, compressed oops, compressed class ptrs, g1 gc, windows-amd64)
# No core dump will be written. Minidumps are not enabled by default on client versions of Windows
#

---------------  S U M M A R Y ------------

Command Line: -javaagent:R:\IntelliJ\IntelliJ IDEA Community Edition 2023.1\lib\idea_rt.jar=61045:R:\IntelliJ\IntelliJ IDEA Community Edition 2023.1\bin -Dfile.encoding=UTF-8 -Dsun.stdout.encoding=UTF-8 -Dsun.stderr.encoding=UTF-8 --module-path=C:\Users\kuba2\.m2\repository\org\openjfx\javafx-controls\17.0.6\javafx-controls-17.0.6-win.jar;C:\Users\kuba2\.m2\repository\org\openjfx\javafx-base\17.0.6\javafx-base-17.0.6-win.jar;Z:\Kuba\Kuba\Studia\Semestr 5\Java\HealthGuardian\HealthGuardian\target\classes;C:\Users\kuba2\.m2\repository\org\openjfx\javafx-graphics\17.0.6\javafx-graphics-17.0.6-win.jar;C:\Users\kuba2\.m2\repository\org\openjfx\javafx-fxml\17.0.6\javafx-fxml-17.0.6-win.jar -Djdk.module.main=com.healthguardian.healthguardian com.healthguardian.healthguardian/Client.Start

Host: AMD Ryzen 5 3600 6-Core Processor              , 12 cores, 15G,  Windows 10 , 64 bit Build 19041 (10.0.19041.3570)
Time: Tue Nov 14 16:40:05 2023  Windows 10 , 64 bit Build 19041 (10.0.19041.3570) elapsed time: 0.518175 seconds (0d 0h 0m 0s)

---------------  T H R E A D  ---------------

Current thread (0x00000189f3bf67e0):  JavaThread "JavaFX Application Thread" [_thread_in_vm, id=10028, stack(0x0000005147800000,0x0000005147900000)]

Stack: [0x0000005147800000,0x0000005147900000]
Native frames: (J=compiled Java code, j=interpreted, Vv=VM code, C=native code)
V  [jvm.dll+0x6bb95a]
V  [jvm.dll+0x8485fa]
V  [jvm.dll+0x84a1f5]
V  [jvm.dll+0x84a8f3]
V  [jvm.dll+0x280b0f]
V  [jvm.dll+0x84453b]
V  [jvm.dll+0x65fd86]
V  [jvm.dll+0x65fdea]
V  [jvm.dll+0x6626c3]
V  [jvm.dll+0x66258e]
V  [jvm.dll+0x66079e]
V  [jvm.dll+0x66ae17]
V  [jvm.dll+0x21b442]
V  [jvm.dll+0x21b975]
V  [jvm.dll+0x21c361]
V  [jvm.dll+0x211780]
V  [jvm.dll+0x59c26c]
V  [jvm.dll+0x222d6a]
V  [jvm.dll+0x7c2cb4]
V  [jvm.dll+0x7c3dff]
V  [jvm.dll+0x7c43af]
V  [jvm.dll+0x7c4058]
V  [jvm.dll+0x27024b]
V  [jvm.dll+0x3d84fe]
C  0x00000189de88f87f

Java frames: (J=compiled Java code, j=interpreted, Vv=VM code)
j  java.awt.Font.<clinit>()V+16 java.desktop@20.0.1
v  ~StubRoutines::call_stub 0x00000189de86100d
j  sun.awt.windows.WComponentPeer.<clinit>()V+27 java.desktop@20.0.1
v  ~StubRoutines::call_stub 0x00000189de86100d
j  java.awt.Component.initIDs()V+0 java.desktop@20.0.1
j  java.awt.Component.<clinit>()V+102 java.desktop@20.0.1
v  ~StubRoutines::call_stub 0x00000189de86100d
j  sun.awt.windows.WToolkit.initIDs()V+0 java.desktop@20.0.1
j  sun.awt.windows.WToolkit.<clinit>()V+20 java.desktop@20.0.1
v  ~StubRoutines::call_stub 0x00000189de86100d
j  sun.awt.PlatformGraphicsInfo.createToolkit()Ljava/awt/Toolkit;+0 java.desktop@20.0.1
j  java.awt.Toolkit.getDefaultToolkit()Ljava/awt/Toolkit;+6 java.desktop@20.0.1
j  ScenesControllers.LogInController.<init>()V+5 com.healthguardian.healthguardian
j  java.lang.invoke.DirectMethodHandle$Holder.newInvokeSpecial(Ljava/lang/Object;)Ljava/lang/Object;+15 java.base@20.0.1
j  java.lang.invoke.Invokers$Holder.invokeExact_MT(Ljava/lang/Object;Ljava/lang/Object;)Ljava/lang/Object;+18 java.base@20.0.1
j  jdk.internal.reflect.DirectConstructorHandleAccessor.invokeImpl([Ljava/lang/Object;)Ljava/lang/Object;+44 java.base@20.0.1
j  jdk.internal.reflect.DirectConstructorHandleAccessor.newInstance([Ljava/lang/Object;)Ljava/lang/Object;+68 java.base@20.0.1
j  java.lang.reflect.Constructor.newInstanceWithCaller([Ljava/lang/Object;ZLjava/lang/Class;)Ljava/lang/Object;+41 java.base@20.0.1
j  java.lang.reflect.Constructor.newInstance([Ljava/lang/Object;)Ljava/lang/Object;+30 java.base@20.0.1
j  javafx.fxml.FXMLLoader$ValueElement.processAttribute(Ljava/lang/String;Ljava/lang/String;Ljava/lang/String;)V+222 javafx.fxml
j  javafx.fxml.FXMLLoader$InstanceDeclarationElement.processAttribute(Ljava/lang/String;Ljava/lang/String;Ljava/lang/String;)V+68 javafx.fxml
j  javafx.fxml.FXMLLoader$Element.processStartElement()V+115 javafx.fxml
j  javafx.fxml.FXMLLoader$ValueElement.processStartElement()V+1 javafx.fxml
j  javafx.fxml.FXMLLoader.processStartElement()V+8 javafx.fxml
j  javafx.fxml.FXMLLoader.loadImpl(Ljava/io/InputStream;Ljava/lang/Class;)Ljava/lang/Object;+207 javafx.fxml
j  javafx.fxml.FXMLLoader.loadImpl(Ljava/lang/Class;)Ljava/lang/Object;+31 javafx.fxml
j  javafx.fxml.FXMLLoader.load()Ljava/lang/Object;+17 javafx.fxml
j  com.healthguardian.WindowApplication.start(Ljavafx/stage/Stage;)V+24 com.healthguardian.healthguardian
j  com.sun.javafx.application.LauncherImpl.lambda$launchApplication1$9(Ljava/util/concurrent/atomic/AtomicBoolean;Ljavafx/application/Application;)V+20 javafx.graphics
j  com.sun.javafx.application.LauncherImpl$$Lambda$95+0x000000080103de98.run()V+8 javafx.graphics
j  com.sun.javafx.application.PlatformImpl.lambda$runAndWait$12(Ljava/lang/Runnable;Ljava/util/concurrent/CountDownLatch;)V+1 javafx.graphics
j  com.sun.javafx.application.PlatformImpl$$Lambda$91+0x000000080103c840.run()V+8 javafx.graphics
j  com.sun.javafx.application.PlatformImpl.lambda$runLater$10(Ljava/lang/Runnable;)Ljava/lang/Void;+1 javafx.graphics
j  com.sun.javafx.application.PlatformImpl$$Lambda$93+0x000000080103da68.run()Ljava/lang/Object;+4 javafx.graphics
j  java.security.AccessController.executePrivileged(Ljava/security/PrivilegedAction;Ljava/security/AccessControlContext;Ljava/lang/Class;)Ljava/lang/Object;+29 java.base@20.0.1
j  java.security.AccessController.doPrivileged(Ljava/security/PrivilegedAction;Ljava/security/AccessControlContext;)Ljava/lang/Object;+13 java.base@20.0.1
j  com.sun.javafx.application.PlatformImpl.lambda$runLater$11(Ljava/lang/Runnable;Ljava/security/AccessControlContext;)V+7 javafx.graphics
j  com.sun.javafx.application.PlatformImpl$$Lambda$92+0x000000080103d208.run()V+8 javafx.graphics
j  com.sun.glass.ui.InvokeLaterDispatcher$Future.run()V+4 javafx.graphics
v  ~StubRoutines::call_stub 0x00000189de86100d
j  com.sun.glass.ui.win.WinApplication._runLoop(Ljava/lang/Runnable;)V+0 javafx.graphics
j  com.sun.glass.ui.win.WinApplication.lambda$runLoop$3(ILjava/lang/Runnable;)V+8 javafx.graphics
j  com.sun.glass.ui.win.WinApplication$$Lambda$81+0x00000008010311a0.run()V+12 javafx.graphics
j  java.lang.Thread.runWith(Ljava/lang/Object;Ljava/lang/Runnable;)V+5 java.base@20.0.1
j  java.lang.Thread.run()V+19 java.base@20.0.1
v  ~StubRoutines::call_stub 0x00000189de86100d

---------------  P R O C E S S  ---------------

Threads class SMR info:
_java_thread_list=0x00000189f3c86460, length=18, elements={
0x00000189cf277a20, 0x00000189eecb3570, 0x00000189eecb4310, 0x00000189eecb50b0,
0x00000189eecb6c80, 0x00000189eecb7b70, 0x00000189eecba660, 0x00000189eecc84a0,
0x00000189eecd1410, 0x00000189f30ed4a0, 0x00000189f3894290, 0x00000189f3880d90,
0x00000189f37e22a0, 0x00000189f3919d80, 0x00000189f3727ca0, 0x00000189f399e020,
0x00000189f3bf67e0, 0x00000189f3e7e390
}

Java Threads: ( => current thread )
  0x00000189cf277a20 JavaThread "main" [_thread_blocked, id=31216, stack(0x0000005145f00000,0x0000005146000000)]
  0x00000189eecb3570 JavaThread "Reference Handler" daemon [_thread_blocked, id=30808, stack(0x0000005146600000,0x0000005146700000)]
  0x00000189eecb4310 JavaThread "Finalizer" daemon [_thread_blocked, id=30664, stack(0x0000005146700000,0x0000005146800000)]
  0x00000189eecb50b0 JavaThread "Signal Dispatcher" daemon [_thread_blocked, id=28240, stack(0x0000005146800000,0x0000005146900000)]
  0x00000189eecb6c80 JavaThread "Attach Listener" daemon [_thread_blocked, id=25400, stack(0x0000005146900000,0x0000005146a00000)]
  0x00000189eecb7b70 JavaThread "Service Thread" daemon [_thread_blocked, id=28524, stack(0x0000005146a00000,0x0000005146b00000)]
  0x00000189eecba660 JavaThread "Monitor Deflation Thread" daemon [_thread_blocked, id=30888, stack(0x0000005146b00000,0x0000005146c00000)]
  0x00000189eecc84a0 JavaThread "C2 CompilerThread0" daemon [_thread_blocked, id=30172, stack(0x0000005146c00000,0x0000005146d00000)]
  0x00000189eecd1410 JavaThread "C1 CompilerThread0" daemon [_thread_blocked, id=31656, stack(0x0000005146d00000,0x0000005146e00000)]
  0x00000189f30ed4a0 JavaThread "Common-Cleaner" daemon [_thread_blocked, id=31724, stack(0x0000005146e00000,0x0000005146f00000)]
  0x00000189f3894290 JavaThread "Monitor Ctrl-Break" daemon [_thread_in_native, id=1472, stack(0x0000005147100000,0x0000005147200000)]
  0x00000189f3880d90 JavaThread "Notification Thread" daemon [_thread_blocked, id=24664, stack(0x0000005147200000,0x0000005147300000)]
  0x00000189f37e22a0 JavaThread "Thread-0" [_thread_in_native, id=31204, stack(0x0000005147400000,0x0000005147500000)]
  0x00000189f3919d80 JavaThread "JavaFX-Launcher" [_thread_blocked, id=27768, stack(0x0000005147500000,0x0000005147600000)]
  0x00000189f3727ca0 JavaThread "QuantumRenderer-0" daemon [_thread_blocked, id=30788, stack(0x0000005147000000,0x0000005147100000)]
  0x00000189f399e020 JavaThread "InvokeLaterDispatcher" daemon [_thread_blocked, id=25580, stack(0x0000005147700000,0x0000005147800000)]
=>0x00000189f3bf67e0 JavaThread "JavaFX Application Thread" [_thread_in_vm, id=10028, stack(0x0000005147800000,0x0000005147900000)]
  0x00000189f3e7e390 JavaThread "Thread-3" daemon [_thread_in_native, id=29260, stack(0x0000005147a40000,0x0000005147b40000)]

Other Threads:
  0x00000189eec96180 VMThread "VM Thread" [stack: 0x0000005146500000,0x0000005146600000] [id=31252]
  0x00000189f38cf990 WatcherThread "VM Periodic Task Thread" [stack: 0x0000005147300000,0x0000005147400000] [id=29756]
  0x00000189cf2e3cd0 WorkerThread "GC Thread#0" [stack: 0x0000005146000000,0x0000005146100000] [id=16624]
  0x00000189f3e8f870 WorkerThread "GC Thread#1" [stack: 0x0000005146f00000,0x0000005147000000] [id=29172]
  0x00000189f3ea3620 WorkerThread "GC Thread#2" [stack: 0x0000005147b40000,0x0000005147c40000] [id=14484]
  0x00000189f3b8a380 WorkerThread "GC Thread#3" [stack: 0x0000005147c40000,0x0000005147d40000] [id=31220]
  0x00000189f3b89b10 WorkerThread "GC Thread#4" [stack: 0x0000005147d40000,0x0000005147e40000] [id=14344]
  0x00000189f3b88d00 WorkerThread "GC Thread#5" [stack: 0x0000005147e40000,0x0000005147f40000] [id=29424]
  0x00000189f3b89de0 WorkerThread "GC Thread#6" [stack: 0x0000005147f40000,0x0000005148040000] [id=29540]
  0x00000189f3b89840 WorkerThread "GC Thread#7" [stack: 0x0000005148040000,0x0000005148140000] [id=27772]
  0x00000189cf2f4a60 ConcurrentGCThread "G1 Main Marker" [stack: 0x0000005146100000,0x0000005146200000] [id=29248]
  0x00000189cf2f5a40 WorkerThread "G1 Conc#0" [stack: 0x0000005146200000,0x0000005146300000] [id=29228]
  0x00000189eeb41150 ConcurrentGCThread "G1 Refine#0" [stack: 0x0000005146300000,0x0000005146400000] [id=28892]
  0x00000189eeb41a00 ConcurrentGCThread "G1 Service" [stack: 0x0000005146400000,0x0000005146500000] [id=31672]

Threads with active compile tasks:

VM state: not at safepoint (normal execution)

VM Mutex/Monitor currently owned by a thread:  ([mutex/lock_event])
[0x00000189cf270c10] Metaspace_lock - owner thread: 0x00000189f3bf67e0

Heap address: 0x0000000701200000, size: 4078 MB, Compressed Oops mode: Zero based, Oop shift amount: 3

CDS archive(s) mapped at: [0x0000000800000000-0x0000000800c60000-0x0000000800c60000), size 12976128, SharedBaseAddress: 0x0000000800000000, ArchiveRelocationMode: 0.
Compressed class space mapped at: 0x0000000801000000-0x0000000841000000, reserved size: 1073741824
Narrow klass base: 0x0000000800000000, Narrow klass shift: 0, Narrow klass range: 0x100000000

GC Precious Log:
 CardTable entry size: 512
 Card Set container configuration: InlinePtr #cards 4 size 8 Array Of Cards #cards 16 size 48 Howl #buckets 8 coarsen threshold 3686 Howl Bitmap #cards 512 size 80 coarsen threshold 460 Card regions per heap region 1 cards per card region 4096
 CPUs: 12 total, 12 available
 Memory: 16310M
 Large Page Support: Disabled
 NUMA Support: Disabled
 Compressed Oops: Enabled (Zero based)
 Heap Region Size: 2M
 Heap Min Capacity: 8M
 Heap Initial Capacity: 256M
 Heap Max Capacity: 4078M
 Pre-touch: Disabled
 Parallel Workers: 10
 Concurrent Workers: 3
 Concurrent Refinement Workers: 10
 Periodic GC: Disabled

Heap:
 garbage-first heap   total 262144K, used 2568K [0x0000000701200000, 0x0000000800000000)
  region size 2048K, 3 young (6144K), 2 survivors (4096K)
 Metaspace       used 6919K, committed 7040K, reserved 1114112K
  class space    used 792K, committed 832K, reserved 1048576K

Heap Regions: E=young(eden), S=young(survivor), O=old, HS=humongous(starts), HC=humongous(continues), CS=collection set, F=free, OA=open archive, CA=closed archive, TAMS=top-at-mark-start, PB=parsable bottom
|   0|0x0000000701200000, 0x0000000701200000, 0x0000000701400000|  0%| F|  |TAMS 0x0000000701200000| PB 0x0000000701200000| Untracked 
|   1|0x0000000701400000, 0x0000000701400000, 0x0000000701600000|  0%| F|  |TAMS 0x0000000701400000| PB 0x0000000701400000| Untracked 
|   2|0x0000000701600000, 0x0000000701600000, 0x0000000701800000|  0%| F|  |TAMS 0x0000000701600000| PB 0x0000000701600000| Untracked 
|   3|0x0000000701800000, 0x0000000701800000, 0x0000000701a00000|  0%| F|  |TAMS 0x0000000701800000| PB 0x0000000701800000| Untracked 
|   4|0x0000000701a00000, 0x0000000701a00000, 0x0000000701c00000|  0%| F|  |TAMS 0x0000000701a00000| PB 0x0000000701a00000| Untracked 
|   5|0x0000000701c00000, 0x0000000701c00000, 0x0000000701e00000|  0%| F|  |TAMS 0x0000000701c00000| PB 0x0000000701c00000| Untracked 
|   6|0x0000000701e00000, 0x0000000701e00000, 0x0000000702000000|  0%| F|  |TAMS 0x0000000701e00000| PB 0x0000000701e00000| Untracked 
|   7|0x0000000702000000, 0x0000000702000000, 0x0000000702200000|  0%| F|  |TAMS 0x0000000702000000| PB 0x0000000702000000| Untracked 
|   8|0x0000000702200000, 0x0000000702200000, 0x0000000702400000|  0%| F|  |TAMS 0x0000000702200000| PB 0x0000000702200000| Untracked 
|   9|0x0000000702400000, 0x0000000702400000, 0x0000000702600000|  0%| F|  |TAMS 0x0000000702400000| PB 0x0000000702400000| Untracked 
|  10|0x0000000702600000, 0x0000000702600000, 0x0000000702800000|  0%| F|  |TAMS 0x0000000702600000| PB 0x0000000702600000| Untracked 
|  11|0x0000000702800000, 0x0000000702800000, 0x0000000702a00000|  0%| F|  |TAMS 0x0000000702800000| PB 0x0000000702800000| Untracked 
|  12|0x0000000702a00000, 0x0000000702a00000, 0x0000000702c00000|  0%| F|  |TAMS 0x0000000702a00000| PB 0x0000000702a00000| Untracked 
|  13|0x0000000702c00000, 0x0000000702c00000, 0x0000000702e00000|  0%| F|  |TAMS 0x0000000702c00000| PB 0x0000000702c00000| Untracked 
|  14|0x0000000702e00000, 0x0000000702e00000, 0x0000000703000000|  0%| F|  |TAMS 0x0000000702e00000| PB 0x0000000702e00000| Untracked 
|  15|0x0000000703000000, 0x0000000703000000, 0x0000000703200000|  0%| F|  |TAMS 0x0000000703000000| PB 0x0000000703000000| Untracked 
|  16|0x0000000703200000, 0x0000000703200000, 0x0000000703400000|  0%| F|  |TAMS 0x0000000703200000| PB 0x0000000703200000| Untracked 
|  17|0x0000000703400000, 0x0000000703400000, 0x0000000703600000|  0%| F|  |TAMS 0x0000000703400000| PB 0x0000000703400000| Untracked 
|  18|0x0000000703600000, 0x0000000703600000, 0x0000000703800000|  0%| F|  |TAMS 0x0000000703600000| PB 0x0000000703600000| Untracked 
|  19|0x0000000703800000, 0x0000000703800000, 0x0000000703a00000|  0%| F|  |TAMS 0x0000000703800000| PB 0x0000000703800000| Untracked 
|  20|0x0000000703a00000, 0x0000000703a00000, 0x0000000703c00000|  0%| F|  |TAMS 0x0000000703a00000| PB 0x0000000703a00000| Untracked 
|  21|0x0000000703c00000, 0x0000000703c00000, 0x0000000703e00000|  0%| F|  |TAMS 0x0000000703c00000| PB 0x0000000703c00000| Untracked 
|  22|0x0000000703e00000, 0x0000000703e00000, 0x0000000704000000|  0%| F|  |TAMS 0x0000000703e00000| PB 0x0000000703e00000| Untracked 
|  23|0x0000000704000000, 0x0000000704000000, 0x0000000704200000|  0%| F|  |TAMS 0x0000000704000000| PB 0x0000000704000000| Untracked 
|  24|0x0000000704200000, 0x0000000704200000, 0x0000000704400000|  0%| F|  |TAMS 0x0000000704200000| PB 0x0000000704200000| Untracked 
|  25|0x0000000704400000, 0x0000000704400000, 0x0000000704600000|  0%| F|  |TAMS 0x0000000704400000| PB 0x0000000704400000| Untracked 
|  26|0x0000000704600000, 0x0000000704600000, 0x0000000704800000|  0%| F|  |TAMS 0x0000000704600000| PB 0x0000000704600000| Untracked 
|  27|0x0000000704800000, 0x0000000704800000, 0x0000000704a00000|  0%| F|  |TAMS 0x0000000704800000| PB 0x0000000704800000| Untracked 
|  28|0x0000000704a00000, 0x0000000704a00000, 0x0000000704c00000|  0%| F|  |TAMS 0x0000000704a00000| PB 0x0000000704a00000| Untracked 
|  29|0x0000000704c00000, 0x0000000704c00000, 0x0000000704e00000|  0%| F|  |TAMS 0x0000000704c00000| PB 0x0000000704c00000| Untracked 
|  30|0x0000000704e00000, 0x0000000704e00000, 0x0000000705000000|  0%| F|  |TAMS 0x0000000704e00000| PB 0x0000000704e00000| Untracked 
|  31|0x0000000705000000, 0x0000000705000000, 0x0000000705200000|  0%| F|  |TAMS 0x0000000705000000| PB 0x0000000705000000| Untracked 
|  32|0x0000000705200000, 0x0000000705200000, 0x0000000705400000|  0%| F|  |TAMS 0x0000000705200000| PB 0x0000000705200000| Untracked 
|  33|0x0000000705400000, 0x0000000705400000, 0x0000000705600000|  0%| F|  |TAMS 0x0000000705400000| PB 0x0000000705400000| Untracked 
|  34|0x0000000705600000, 0x0000000705600000, 0x0000000705800000|  0%| F|  |TAMS 0x0000000705600000| PB 0x0000000705600000| Untracked 
|  35|0x0000000705800000, 0x0000000705800000, 0x0000000705a00000|  0%| F|  |TAMS 0x0000000705800000| PB 0x0000000705800000| Untracked 
|  36|0x0000000705a00000, 0x0000000705a00000, 0x0000000705c00000|  0%| F|  |TAMS 0x0000000705a00000| PB 0x0000000705a00000| Untracked 
|  37|0x0000000705c00000, 0x0000000705c00000, 0x0000000705e00000|  0%| F|  |TAMS 0x0000000705c00000| PB 0x0000000705c00000| Untracked 
|  38|0x0000000705e00000, 0x0000000705e00000, 0x0000000706000000|  0%| F|  |TAMS 0x0000000705e00000| PB 0x0000000705e00000| Untracked 
|  39|0x0000000706000000, 0x0000000706000000, 0x0000000706200000|  0%| F|  |TAMS 0x0000000706000000| PB 0x0000000706000000| Untracked 
|  40|0x0000000706200000, 0x0000000706200000, 0x0000000706400000|  0%| F|  |TAMS 0x0000000706200000| PB 0x0000000706200000| Untracked 
|  41|0x0000000706400000, 0x0000000706400000, 0x0000000706600000|  0%| F|  |TAMS 0x0000000706400000| PB 0x0000000706400000| Untracked 
|  42|0x0000000706600000, 0x0000000706600000, 0x0000000706800000|  0%| F|  |TAMS 0x0000000706600000| PB 0x0000000706600000| Untracked 
|  43|0x0000000706800000, 0x0000000706800000, 0x0000000706a00000|  0%| F|  |TAMS 0x0000000706800000| PB 0x0000000706800000| Untracked 
|  44|0x0000000706a00000, 0x0000000706a00000, 0x0000000706c00000|  0%| F|  |TAMS 0x0000000706a00000| PB 0x0000000706a00000| Untracked 
|  45|0x0000000706c00000, 0x0000000706c00000, 0x0000000706e00000|  0%| F|  |TAMS 0x0000000706c00000| PB 0x0000000706c00000| Untracked 
|  46|0x0000000706e00000, 0x0000000706e00000, 0x0000000707000000|  0%| F|  |TAMS 0x0000000706e00000| PB 0x0000000706e00000| Untracked 
|  47|0x0000000707000000, 0x0000000707000000, 0x0000000707200000|  0%| F|  |TAMS 0x0000000707000000| PB 0x0000000707000000| Untracked 
|  48|0x0000000707200000, 0x0000000707200000, 0x0000000707400000|  0%| F|  |TAMS 0x0000000707200000| PB 0x0000000707200000| Untracked 
|  49|0x0000000707400000, 0x0000000707400000, 0x0000000707600000|  0%| F|  |TAMS 0x0000000707400000| PB 0x0000000707400000| Untracked 
|  50|0x0000000707600000, 0x0000000707600000, 0x0000000707800000|  0%| F|  |TAMS 0x0000000707600000| PB 0x0000000707600000| Untracked 
|  51|0x0000000707800000, 0x0000000707800000, 0x0000000707a00000|  0%| F|  |TAMS 0x0000000707800000| PB 0x0000000707800000| Untracked 
|  52|0x0000000707a00000, 0x0000000707a00000, 0x0000000707c00000|  0%| F|  |TAMS 0x0000000707a00000| PB 0x0000000707a00000| Untracked 
|  53|0x0000000707c00000, 0x0000000707c00000, 0x0000000707e00000|  0%| F|  |TAMS 0x0000000707c00000| PB 0x0000000707c00000| Untracked 
|  54|0x0000000707e00000, 0x0000000707e00000, 0x0000000708000000|  0%| F|  |TAMS 0x0000000707e00000| PB 0x0000000707e00000| Untracked 
|  55|0x0000000708000000, 0x0000000708000000, 0x0000000708200000|  0%| F|  |TAMS 0x0000000708000000| PB 0x0000000708000000| Untracked 
|  56|0x0000000708200000, 0x0000000708200000, 0x0000000708400000|  0%| F|  |TAMS 0x0000000708200000| PB 0x0000000708200000| Untracked 
|  57|0x0000000708400000, 0x0000000708400000, 0x0000000708600000|  0%| F|  |TAMS 0x0000000708400000| PB 0x0000000708400000| Untracked 
|  58|0x0000000708600000, 0x0000000708600000, 0x0000000708800000|  0%| F|  |TAMS 0x0000000708600000| PB 0x0000000708600000| Untracked 
|  59|0x0000000708800000, 0x0000000708800000, 0x0000000708a00000|  0%| F|  |TAMS 0x0000000708800000| PB 0x0000000708800000| Untracked 
|  60|0x0000000708a00000, 0x0000000708a00000, 0x0000000708c00000|  0%| F|  |TAMS 0x0000000708a00000| PB 0x0000000708a00000| Untracked 
|  61|0x0000000708c00000, 0x0000000708c00000, 0x0000000708e00000|  0%| F|  |TAMS 0x0000000708c00000| PB 0x0000000708c00000| Untracked 
|  62|0x0000000708e00000, 0x0000000708e00000, 0x0000000709000000|  0%| F|  |TAMS 0x0000000708e00000| PB 0x0000000708e00000| Untracked 
|  63|0x0000000709000000, 0x0000000709000000, 0x0000000709200000|  0%| F|  |TAMS 0x0000000709000000| PB 0x0000000709000000| Untracked 
|  64|0x0000000709200000, 0x0000000709200000, 0x0000000709400000|  0%| F|  |TAMS 0x0000000709200000| PB 0x0000000709200000| Untracked 
|  65|0x0000000709400000, 0x0000000709400000, 0x0000000709600000|  0%| F|  |TAMS 0x0000000709400000| PB 0x0000000709400000| Untracked 
|  66|0x0000000709600000, 0x0000000709600000, 0x0000000709800000|  0%| F|  |TAMS 0x0000000709600000| PB 0x0000000709600000| Untracked 
|  67|0x0000000709800000, 0x0000000709800000, 0x0000000709a00000|  0%| F|  |TAMS 0x0000000709800000| PB 0x0000000709800000| Untracked 
|  68|0x0000000709a00000, 0x0000000709a00000, 0x0000000709c00000|  0%| F|  |TAMS 0x0000000709a00000| PB 0x0000000709a00000| Untracked 
|  69|0x0000000709c00000, 0x0000000709c00000, 0x0000000709e00000|  0%| F|  |TAMS 0x0000000709c00000| PB 0x0000000709c00000| Untracked 
|  70|0x0000000709e00000, 0x0000000709e00000, 0x000000070a000000|  0%| F|  |TAMS 0x0000000709e00000| PB 0x0000000709e00000| Untracked 
|  71|0x000000070a000000, 0x000000070a000000, 0x000000070a200000|  0%| F|  |TAMS 0x000000070a000000| PB 0x000000070a000000| Untracked 
|  72|0x000000070a200000, 0x000000070a200000, 0x000000070a400000|  0%| F|  |TAMS 0x000000070a200000| PB 0x000000070a200000| Untracked 
|  73|0x000000070a400000, 0x000000070a400000, 0x000000070a600000|  0%| F|  |TAMS 0x000000070a400000| PB 0x000000070a400000| Untracked 
|  74|0x000000070a600000, 0x000000070a600000, 0x000000070a800000|  0%| F|  |TAMS 0x000000070a600000| PB 0x000000070a600000| Untracked 
|  75|0x000000070a800000, 0x000000070a800000, 0x000000070aa00000|  0%| F|  |TAMS 0x000000070a800000| PB 0x000000070a800000| Untracked 
|  76|0x000000070aa00000, 0x000000070aa00000, 0x000000070ac00000|  0%| F|  |TAMS 0x000000070aa00000| PB 0x000000070aa00000| Untracked 
|  77|0x000000070ac00000, 0x000000070ac00000, 0x000000070ae00000|  0%| F|  |TAMS 0x000000070ac00000| PB 0x000000070ac00000| Untracked 
|  78|0x000000070ae00000, 0x000000070ae00000, 0x000000070b000000|  0%| F|  |TAMS 0x000000070ae00000| PB 0x000000070ae00000| Untracked 
|  79|0x000000070b000000, 0x000000070b000000, 0x000000070b200000|  0%| F|  |TAMS 0x000000070b000000| PB 0x000000070b000000| Untracked 
|  80|0x000000070b200000, 0x000000070b200000, 0x000000070b400000|  0%| F|  |TAMS 0x000000070b200000| PB 0x000000070b200000| Untracked 
|  81|0x000000070b400000, 0x000000070b400000, 0x000000070b600000|  0%| F|  |TAMS 0x000000070b400000| PB 0x000000070b400000| Untracked 
|  82|0x000000070b600000, 0x000000070b600000, 0x000000070b800000|  0%| F|  |TAMS 0x000000070b600000| PB 0x000000070b600000| Untracked 
|  83|0x000000070b800000, 0x000000070b800000, 0x000000070ba00000|  0%| F|  |TAMS 0x000000070b800000| PB 0x000000070b800000| Untracked 
|  84|0x000000070ba00000, 0x000000070ba00000, 0x000000070bc00000|  0%| F|  |TAMS 0x000000070ba00000| PB 0x000000070ba00000| Untracked 
|  85|0x000000070bc00000, 0x000000070bc00000, 0x000000070be00000|  0%| F|  |TAMS 0x000000070bc00000| PB 0x000000070bc00000| Untracked 
|  86|0x000000070be00000, 0x000000070be00000, 0x000000070c000000|  0%| F|  |TAMS 0x000000070be00000| PB 0x000000070be00000| Untracked 
|  87|0x000000070c000000, 0x000000070c000000, 0x000000070c200000|  0%| F|  |TAMS 0x000000070c000000| PB 0x000000070c000000| Untracked 
|  88|0x000000070c200000, 0x000000070c200000, 0x000000070c400000|  0%| F|  |TAMS 0x000000070c200000| PB 0x000000070c200000| Untracked 
|  89|0x000000070c400000, 0x000000070c400000, 0x000000070c600000|  0%| F|  |TAMS 0x000000070c400000| PB 0x000000070c400000| Untracked 
|  90|0x000000070c600000, 0x000000070c600000, 0x000000070c800000|  0%| F|  |TAMS 0x000000070c600000| PB 0x000000070c600000| Untracked 
|  91|0x000000070c800000, 0x000000070c800000, 0x000000070ca00000|  0%| F|  |TAMS 0x000000070c800000| PB 0x000000070c800000| Untracked 
|  92|0x000000070ca00000, 0x000000070ca00000, 0x000000070cc00000|  0%| F|  |TAMS 0x000000070ca00000| PB 0x000000070ca00000| Untracked 
|  93|0x000000070cc00000, 0x000000070cc00000, 0x000000070ce00000|  0%| F|  |TAMS 0x000000070cc00000| PB 0x000000070cc00000| Untracked 
|  94|0x000000070ce00000, 0x000000070ce00000, 0x000000070d000000|  0%| F|  |TAMS 0x000000070ce00000| PB 0x000000070ce00000| Untracked 
|  95|0x000000070d000000, 0x000000070d000000, 0x000000070d200000|  0%| F|  |TAMS 0x000000070d000000| PB 0x000000070d000000| Untracked 
|  96|0x000000070d200000, 0x000000070d200000, 0x000000070d400000|  0%| F|  |TAMS 0x000000070d200000| PB 0x000000070d200000| Untracked 
|  97|0x000000070d400000, 0x000000070d400000, 0x000000070d600000|  0%| F|  |TAMS 0x000000070d400000| PB 0x000000070d400000| Untracked 
|  98|0x000000070d600000, 0x000000070d600000, 0x000000070d800000|  0%| F|  |TAMS 0x000000070d600000| PB 0x000000070d600000| Untracked 
|  99|0x000000070d800000, 0x000000070d800000, 0x000000070da00000|  0%| F|  |TAMS 0x000000070d800000| PB 0x000000070d800000| Untracked 
| 100|0x000000070da00000, 0x000000070da00000, 0x000000070dc00000|  0%| F|  |TAMS 0x000000070da00000| PB 0x000000070da00000| Untracked 
| 101|0x000000070dc00000, 0x000000070dc00000, 0x000000070de00000|  0%| F|  |TAMS 0x000000070dc00000| PB 0x000000070dc00000| Untracked 
| 102|0x000000070de00000, 0x000000070de00000, 0x000000070e000000|  0%| F|  |TAMS 0x000000070de00000| PB 0x000000070de00000| Untracked 
| 103|0x000000070e000000, 0x000000070e000000, 0x000000070e200000|  0%| F|  |TAMS 0x000000070e000000| PB 0x000000070e000000| Untracked 
| 104|0x000000070e200000, 0x000000070e200000, 0x000000070e400000|  0%| F|  |TAMS 0x000000070e200000| PB 0x000000070e200000| Untracked 
| 105|0x000000070e400000, 0x000000070e400000, 0x000000070e600000|  0%| F|  |TAMS 0x000000070e400000| PB 0x000000070e400000| Untracked 
| 106|0x000000070e600000, 0x000000070e600000, 0x000000070e800000|  0%| F|  |TAMS 0x000000070e600000| PB 0x000000070e600000| Untracked 
| 107|0x000000070e800000, 0x000000070e800000, 0x000000070ea00000|  0%| F|  |TAMS 0x000000070e800000| PB 0x000000070e800000| Untracked 
| 108|0x000000070ea00000, 0x000000070ea00000, 0x000000070ec00000|  0%| F|  |TAMS 0x000000070ea00000| PB 0x000000070ea00000| Untracked 
| 109|0x000000070ec00000, 0x000000070ec00000, 0x000000070ee00000|  0%| F|  |TAMS 0x000000070ec00000| PB 0x000000070ec00000| Untracked 
| 110|0x000000070ee00000, 0x000000070ee00000, 0x000000070f000000|  0%| F|  |TAMS 0x000000070ee00000| PB 0x000000070ee00000| Untracked 
| 111|0x000000070f000000, 0x000000070f000000, 0x000000070f200000|  0%| F|  |TAMS 0x000000070f000000| PB 0x000000070f000000| Untracked 
| 112|0x000000070f200000, 0x000000070f200000, 0x000000070f400000|  0%| F|  |TAMS 0x000000070f200000| PB 0x000000070f200000| Untracked 
| 113|0x000000070f400000, 0x000000070f400000, 0x000000070f600000|  0%| F|  |TAMS 0x000000070f400000| PB 0x000000070f400000| Untracked 
| 114|0x000000070f600000, 0x000000070f600000, 0x000000070f800000|  0%| F|  |TAMS 0x000000070f600000| PB 0x000000070f600000| Untracked 
| 115|0x000000070f800000, 0x000000070f882000, 0x000000070fa00000| 25%| S|CS|TAMS 0x000000070f800000| PB 0x000000070f800000| Complete 
| 116|0x000000070fa00000, 0x000000070fc00000, 0x000000070fc00000|100%| S|CS|TAMS 0x000000070fa00000| PB 0x000000070fa00000| Complete 
| 117|0x000000070fc00000, 0x000000070fc00000, 0x000000070fe00000|  0%| F|  |TAMS 0x000000070fc00000| PB 0x000000070fc00000| Untracked 
| 118|0x000000070fe00000, 0x000000070fe00000, 0x0000000710000000|  0%| F|  |TAMS 0x000000070fe00000| PB 0x000000070fe00000| Untracked 
| 119|0x0000000710000000, 0x0000000710000000, 0x0000000710200000|  0%| F|  |TAMS 0x0000000710000000| PB 0x0000000710000000| Untracked 
| 120|0x0000000710200000, 0x0000000710200000, 0x0000000710400000|  0%| F|  |TAMS 0x0000000710200000| PB 0x0000000710200000| Untracked 
| 121|0x0000000710400000, 0x0000000710400000, 0x0000000710600000|  0%| F|  |TAMS 0x0000000710400000| PB 0x0000000710400000| Untracked 
| 122|0x0000000710600000, 0x0000000710600000, 0x0000000710800000|  0%| F|  |TAMS 0x0000000710600000| PB 0x0000000710600000| Untracked 
| 123|0x0000000710800000, 0x0000000710800000, 0x0000000710a00000|  0%| F|  |TAMS 0x0000000710800000| PB 0x0000000710800000| Untracked 
| 124|0x0000000710a00000, 0x0000000710a00000, 0x0000000710c00000|  0%| F|  |TAMS 0x0000000710a00000| PB 0x0000000710a00000| Untracked 
| 125|0x0000000710c00000, 0x0000000710c00000, 0x0000000710e00000|  0%| F|  |TAMS 0x0000000710c00000| PB 0x0000000710c00000| Untracked 
| 126|0x0000000710e00000, 0x0000000710e00000, 0x0000000711000000|  0%| F|  |TAMS 0x0000000710e00000| PB 0x0000000710e00000| Untracked 
| 127|0x0000000711000000, 0x0000000711179100, 0x0000000711200000| 73%| E|  |TAMS 0x0000000711000000| PB 0x0000000711000000| Complete 

Card table byte_map: [0x00000189e7080000,0x00000189e7880000] _byte_map_base: 0x00000189e3877000

Marking Bits: (CMBitMap*) 0x00000189cf2e4110
 Bits: [0x00000189e8080000, 0x00000189ec038000)

Polling page: 0x00000189cea40000

Metaspace:

Usage:
  Non-class:      5.98 MB used.
      Class:    792.60 KB used.
       Both:      6.76 MB used.

Virtual space:
  Non-class space:       64.00 MB reserved,       6.06 MB (  9%) committed,  1 nodes.
      Class space:        1.00 GB reserved,     832.00 KB ( <1%) committed,  1 nodes.
             Both:        1.06 GB reserved,       6.88 MB ( <1%) committed. 

Chunk freelists:
   Non-Class:  1.78 MB
       Class:  3.06 MB
        Both:  4.84 MB

MaxMetaspaceSize: unlimited
CompressedClassSpaceSize: 1.00 GB
Initial GC threshold: 21.00 MB
Current GC threshold: 21.00 MB
CDS: on
MetaspaceReclaimPolicy: balanced
 - commit_granule_bytes: 65536.
 - commit_granule_words: 8192.
 - virtual_space_node_default_size: 8388608.
 - enlarge_chunks_in_place: 1.
 - new_chunks_are_fully_committed: 0.
 - uncommit_free_chunks: 1.
 - use_allocation_guard: 0.


Internal statistics:

num_allocs_failed_limit: 0.
num_arena_births: 114.
num_arena_deaths: 0.
num_vsnodes_births: 2.
num_vsnodes_deaths: 0.
num_space_committed: 110.
num_space_uncommitted: 0.
num_chunks_returned_to_freelist: 0.
num_chunks_taken_from_freelist: 238.
num_chunk_merges: 0.
num_chunk_splits: 159.
num_chunks_enlarged: 110.
num_inconsistent_stats: 0.

CodeHeap 'non-profiled nmethods': size=120000Kb used=315Kb max_used=315Kb free=119684Kb
 bounds [0x00000189dee00000, 0x00000189df070000, 0x00000189e6330000]
CodeHeap 'profiled nmethods': size=120000Kb used=1577Kb max_used=1577Kb free=118422Kb
 bounds [0x00000189d7330000, 0x00000189d75a0000, 0x00000189de860000]
CodeHeap 'non-nmethods': size=5760Kb used=1519Kb max_used=1519Kb free=4240Kb
 bounds [0x00000189de860000, 0x00000189dead0000, 0x00000189dee00000]
 total_blobs=1541 nmethods=997 adapters=455
 compilation: enabled
              stopped_count=0, restarted_count=0
 full_count=0

Compilation events (20 events):
Event: 0.502 Thread 0x00000189eecd1410  989       3       jdk.internal.jimage.ImageLocation::readValue (61 bytes)
Event: 0.502 Thread 0x00000189eecd1410 nmethod 989 0x00000189d74b5f10 code [0x00000189d74b60c0, 0x00000189d74b6460]
Event: 0.504 Thread 0x00000189eecd1410  990       3       java.util.HashSet::contains (9 bytes)
Event: 0.504 Thread 0x00000189eecd1410 nmethod 990 0x00000189d74b6610 code [0x00000189d74b67a0, 0x00000189d74b6978]
Event: 0.504 Thread 0x00000189eecd1410  991       1       java.lang.invoke.MethodHandleNatives::isPullModeBSM (2 bytes)
Event: 0.504 Thread 0x00000189eecd1410 nmethod 991 0x00000189dee4e410 code [0x00000189dee4e580, 0x00000189dee4e628]
Event: 0.504 Thread 0x00000189eecd1410  992       3       java.lang.invoke.ConstantCallSite::getTarget (20 bytes)
Event: 0.504 Thread 0x00000189eecd1410 nmethod 992 0x00000189d74b6a10 code [0x00000189d74b6ba0, 0x00000189d74b6dc8]
Event: 0.506 Thread 0x00000189eecd1410  993       3       java.security.AccessController::executePrivileged (65 bytes)
Event: 0.506 Thread 0x00000189eecd1410 nmethod 993 0x00000189d74b6e90 code [0x00000189d74b7040, 0x00000189d74b7348]
Event: 0.507 Thread 0x00000189eecc84a0  994       4       java.nio.DirectByteBuffer::ix (10 bytes)
Event: 0.507 Thread 0x00000189eecd1410  995       3       java.util.Optional::empty (6 bytes)
Event: 0.507 Thread 0x00000189eecd1410 nmethod 995 0x00000189d74b7490 code [0x00000189d74b7620, 0x00000189d74b7718]
Event: 0.507 Thread 0x00000189eecd1410  996       1       jdk.internal.jimage.ImageHeader::getTableLength (5 bytes)
Event: 0.507 Thread 0x00000189eecd1410 nmethod 996 0x00000189dee4e710 code [0x00000189dee4e880, 0x00000189dee4e948]
Event: 0.507 Thread 0x00000189eecc84a0 nmethod 994 0x00000189dee4ea10 code [0x00000189dee4eb80, 0x00000189dee4ec10]
Event: 0.511 Thread 0x00000189eecd1410  997       3       java.lang.Class::descriptorString (170 bytes)
Event: 0.511 Thread 0x00000189eecd1410 nmethod 997 0x00000189d74b7790 code [0x00000189d74b7be0, 0x00000189d74b9508]
Event: 0.512 Thread 0x00000189eecd1410  998       3       java.security.AccessController::doPrivileged (9 bytes)
Event: 0.512 Thread 0x00000189eecd1410 nmethod 998 0x00000189d74b9f10 code [0x00000189d74ba0c0, 0x00000189d74ba3f0]

GC Heap History (2 events):
Event: 0.482 GC heap before
{Heap before GC invocations=0 (full 0):
 garbage-first heap   total 262144K, used 22528K [0x0000000701200000, 0x0000000800000000)
  region size 2048K, 11 young (22528K), 0 survivors (0K)
 Metaspace       used 4870K, committed 5120K, reserved 1114112K
  class space    used 597K, committed 704K, reserved 1048576K
}
Event: 0.485 GC heap after
{Heap after GC invocations=1 (full 0):
 garbage-first heap   total 262144K, used 2568K [0x0000000701200000, 0x0000000800000000)
  region size 2048K, 2 young (4096K), 2 survivors (4096K)
 Metaspace       used 4870K, committed 5120K, reserved 1114112K
  class space    used 597K, committed 704K, reserved 1048576K
}

Dll operation events (20 events):
Event: 0.222 Loaded shared library C:\Users\kuba2\.openjfx\cache\17.0.6\api-ms-win-crt-heap-l1-1-0.dll
Event: 0.224 Loaded shared library C:\Users\kuba2\.openjfx\cache\17.0.6\api-ms-win-crt-locale-l1-1-0.dll
Event: 0.226 Loaded shared library C:\Users\kuba2\.openjfx\cache\17.0.6\api-ms-win-crt-math-l1-1-0.dll
Event: 0.228 Loaded shared library C:\Users\kuba2\.openjfx\cache\17.0.6\api-ms-win-crt-multibyte-l1-1-0.dll
Event: 0.230 Loaded shared library C:\Users\kuba2\.openjfx\cache\17.0.6\api-ms-win-crt-private-l1-1-0.dll
Event: 0.232 Loaded shared library C:\Users\kuba2\.openjfx\cache\17.0.6\api-ms-win-crt-process-l1-1-0.dll
Event: 0.233 Loaded shared library C:\Users\kuba2\.openjfx\cache\17.0.6\api-ms-win-crt-runtime-l1-1-0.dll
Event: 0.235 Loaded shared library C:\Users\kuba2\.openjfx\cache\17.0.6\api-ms-win-crt-stdio-l1-1-0.dll
Event: 0.237 Loaded shared library C:\Users\kuba2\.openjfx\cache\17.0.6\api-ms-win-crt-string-l1-1-0.dll
Event: 0.239 Loaded shared library C:\Users\kuba2\.openjfx\cache\17.0.6\api-ms-win-crt-time-l1-1-0.dll
Event: 0.240 Loaded shared library C:\Users\kuba2\.openjfx\cache\17.0.6\api-ms-win-crt-utility-l1-1-0.dll
Event: 0.250 Loaded shared library C:\Users\kuba2\.openjfx\cache\17.0.6\ucrtbase.dll
Event: 0.252 Loaded shared library C:\Users\kuba2\.openjfx\cache\17.0.6\vcruntime140.dll
Event: 0.254 Loaded shared library C:\Users\kuba2\.openjfx\cache\17.0.6\vcruntime140_1.dll
Event: 0.260 Loaded shared library C:\Users\kuba2\.openjfx\cache\17.0.6\msvcp140.dll
Event: 0.261 Loaded shared library C:\Users\kuba2\.openjfx\cache\17.0.6\msvcp140_1.dll
Event: 0.264 Loaded shared library C:\Users\kuba2\.openjfx\cache\17.0.6\msvcp140_2.dll
Event: 0.285 Loaded shared library C:\Users\kuba2\.openjfx\cache\17.0.6\prism_d3d.dll
Event: 0.356 Loaded shared library C:\Users\kuba2\.openjfx\cache\17.0.6\glass.dll
Event: 0.504 Loaded shared library C:\Users\kuba2\.jdks\openjdk-20.0.1\bin\awt.dll

Deoptimization events (20 events):
Event: 0.351 Thread 0x00000189f3919d80 Uncommon trap: trap_request=0xffffffc6 fr.pc=0x00000189dee3bc1c relative=0x0000000000000bfc
Event: 0.351 Thread 0x00000189f3919d80 Uncommon trap: reason=bimorphic_or_optimized_type_check action=maybe_recompile pc=0x00000189dee3bc1c method=java.util.HashMap.putVal(ILjava/lang/Object;Ljava/lang/Object;ZZ)Ljava/lang/Object; @ 56 c2
Event: 0.351 Thread 0x00000189f3919d80 DEOPT PACKING pc=0x00000189dee3bc1c sp=0x00000051475fd410
Event: 0.351 Thread 0x00000189f3919d80 DEOPT UNPACKING pc=0x00000189de8c9d22 sp=0x00000051475fd3d8 mode 2
Event: 0.365 Thread 0x00000189f3bf67e0 Uncommon trap: trap_request=0xffffff45 fr.pc=0x00000189dee3a8c4 relative=0x0000000000000284
Event: 0.365 Thread 0x00000189f3bf67e0 Uncommon trap: reason=unstable_if action=reinterpret pc=0x00000189dee3a8c4 method=java.lang.invoke.VarHandle.checkAccessModeThenIsDirect(Ljava/lang/invoke/VarHandle$AccessDescriptor;)Z @ 4 c2
Event: 0.365 Thread 0x00000189f3bf67e0 DEOPT PACKING pc=0x00000189dee3a8c4 sp=0x00000051478fe670
Event: 0.365 Thread 0x00000189f3bf67e0 DEOPT UNPACKING pc=0x00000189de8c9d22 sp=0x00000051478fe5c8 mode 2
Event: 0.504 Thread 0x00000189f3bf67e0 Uncommon trap: trap_request=0xffffff45 fr.pc=0x00000189dee0cbbc relative=0x000000000000013c
Event: 0.504 Thread 0x00000189f3bf67e0 Uncommon trap: reason=unstable_if action=reinterpret pc=0x00000189dee0cbbc method=java.lang.StringCoding.countPositives([BII)I @ 17 c2
Event: 0.504 Thread 0x00000189f3bf67e0 DEOPT PACKING pc=0x00000189dee0cbbc sp=0x00000051478fc180
Event: 0.504 Thread 0x00000189f3bf67e0 DEOPT UNPACKING pc=0x00000189de8c9d22 sp=0x00000051478fc120 mode 2
Event: 0.504 Thread 0x00000189f3bf67e0 Uncommon trap: trap_request=0xffffff45 fr.pc=0x00000189dee4b068 relative=0x0000000000000448
Event: 0.504 Thread 0x00000189f3bf67e0 Uncommon trap: reason=unstable_if action=reinterpret pc=0x00000189dee4b068 method=java.lang.AbstractStringBuilder.inflateIfNeededFor(Ljava/lang/String;)V @ 14 c2
Event: 0.504 Thread 0x00000189f3bf67e0 DEOPT PACKING pc=0x00000189dee4b068 sp=0x00000051478fc290
Event: 0.504 Thread 0x00000189f3bf67e0 DEOPT UNPACKING pc=0x00000189de8c9d22 sp=0x00000051478fc130 mode 2
Event: 0.504 Thread 0x00000189f3bf67e0 Uncommon trap: trap_request=0xffffff45 fr.pc=0x00000189dee460dc relative=0x00000000000000dc
Event: 0.504 Thread 0x00000189f3bf67e0 Uncommon trap: reason=unstable_if action=reinterpret pc=0x00000189dee460dc method=java.lang.String.getBytes([BIB)V @ 5 c2
Event: 0.504 Thread 0x00000189f3bf67e0 DEOPT PACKING pc=0x00000189dee460dc sp=0x00000051478fc1b0
Event: 0.504 Thread 0x00000189f3bf67e0 DEOPT UNPACKING pc=0x00000189de8c9d22 sp=0x00000051478fc158 mode 2

Classes loaded (20 events):
Event: 0.516 Loading class java/awt/event/NativeLibLoader$1 done
Event: 0.516 Loading class java/awt/event/InputEvent$1
Event: 0.516 Loading class sun/awt/AWTAccessor$InputEventAccessor
Event: 0.516 Loading class sun/awt/AWTAccessor$InputEventAccessor done
Event: 0.516 Loading class java/awt/event/InputEvent$1 done
Event: 0.516 Loading class sun/awt/windows/WComponentPeer
Event: 0.516 Loading class java/awt/peer/ComponentPeer
Event: 0.516 Loading class java/awt/peer/ComponentPeer done
Event: 0.516 Loading class java/awt/dnd/peer/DropTargetPeer
Event: 0.516 Loading class java/awt/dnd/peer/DropTargetPeer done
Event: 0.516 Loading class sun/awt/windows/WObjectPeer
Event: 0.517 Loading class sun/awt/windows/WObjectPeer done
Event: 0.517 Loading class sun/awt/windows/WComponentPeer done
Event: 0.517 Loading class java/awt/Font
Event: 0.517 Loading class java/awt/Font done
Event: 0.517 Loading class java/awt/Font$FontAccessImpl
Event: 0.517 Loading class sun/font/FontAccess
Event: 0.517 Loading class sun/font/FontAccess done
Event: 0.517 Loading class java/awt/Font$FontAccessImpl done
Event: 0.517 Loading class java/awt/geom/AffineTransform

Classes unloaded (0 events):
No events

Classes redefined (0 events):
No events

Internal exceptions (19 events):
Event: 0.072 Thread 0x00000189cf277a20 Exception <a 'java/lang/NoSuchMethodError'{0x0000000710fec450}: 'void java.lang.invoke.DirectMethodHandle$Holder.invokeVirtual(java.lang.Object, java.lang.Object)'> (0x0000000710fec450) 
thrown [s\open\src\hotspot\share\interpreter\linkResolver.cpp, line 773]
Event: 0.074 Thread 0x00000189cf277a20 Exception <a 'java/lang/NoSuchMethodError'{0x0000000710ff7e30}: 'java.lang.Object java.lang.invoke.DirectMethodHandle$Holder.invokeInterface(java.lang.Object, java.lang.Object, java.lang.Object)'> (0x0000000710ff7e30) 
thrown [s\open\src\hotspot\share\interpreter\linkResolver.cpp, line 773]
Event: 0.110 Thread 0x00000189cf277a20 Exception <a 'java/lang/NoSuchMethodError'{0x0000000710b5e1b8}: 'void java.lang.invoke.DirectMethodHandle$Holder.invokeStatic(java.lang.Object, java.lang.Object, java.lang.Object)'> (0x0000000710b5e1b8) 
thrown [s\open\src\hotspot\share\interpreter\linkResolver.cpp, line 773]
Event: 0.112 Thread 0x00000189cf277a20 Exception <a 'java/lang/NoSuchMethodError'{0x0000000710b749d0}: 'java.lang.Object java.lang.invoke.Invokers$Holder.invokeExact_MT(java.lang.Object, java.lang.Object, java.lang.Object, java.lang.Object, java.lang.Object)'> (0x0000000710b749d0) 
thrown [s\open\src\hotspot\share\interpreter\linkResolver.cpp, line 773]
Event: 0.118 Thread 0x00000189f3894290 Exception <a 'java/lang/ClassNotFoundException'{0x0000000710bc95a8}: jdk/net/ExtendedSocketOptions> (0x0000000710bc95a8) 
thrown [s\open\src\hotspot\share\classfile\systemDictionary.cpp, line 305]
Event: 0.119 Thread 0x00000189f3894290 Exception <a 'java/lang/NoSuchMethodError'{0x0000000710bcadc8}: 'void java.lang.invoke.DirectMethodHandle$Holder.invokeStatic(java.lang.Object, java.lang.Object)'> (0x0000000710bcadc8) 
thrown [s\open\src\hotspot\share\interpreter\linkResolver.cpp, line 773]
Event: 0.124 Thread 0x00000189cf277a20 Exception <a 'java/lang/NoSuchMethodError'{0x00000007108c9668}: 'java.lang.Object java.lang.invoke.DirectMethodHandle$Holder.newInvokeSpecial(java.lang.Object, java.lang.Object, java.lang.Object, java.lang.Object, java.lang.Object)'> (0x00000007108c9668) 
thrown [s\open\src\hotspot\share\interpreter\linkResolver.cpp, line 773]
Event: 0.125 Thread 0x00000189f37e22a0 Exception <a 'sun/nio/fs/WindowsException'{0x000000071088fe48}> (0x000000071088fe48) 
thrown [s\open\src\hotspot\share\prims\jni.cpp, line 519]
Event: 0.276 Thread 0x00000189f3919d80 Exception <a 'java/lang/NoSuchMethodError'{0x0000000710346b88}: 'void java.lang.invoke.DirectMethodHandle$Holder.invokeSpecial(java.lang.Object, java.lang.Object, java.lang.Object)'> (0x0000000710346b88) 
thrown [s\open\src\hotspot\share\interpreter\linkResolver.cpp, line 773]
Event: 0.345 Thread 0x00000189f3919d80 Exception <a 'java/lang/NoSuchMethodError'{0x000000071037de10}: 'int java.lang.invoke.DirectMethodHandle$Holder.invokeStaticInit(java.lang.Object, java.lang.Object, java.lang.Object)'> (0x000000071037de10) 
thrown [s\open\src\hotspot\share\interpreter\linkResolver.cpp, line 773]
Event: 0.358 Thread 0x00000189f3919d80 Exception <a 'java/lang/NoSuchMethodError'{0x00000007100dedb8}: 'java.lang.Object java.lang.invoke.DirectMethodHandle$Holder.newInvokeSpecial(java.lang.Object, java.lang.Object, int, java.lang.Object)'> (0x00000007100dedb8) 
thrown [s\open\src\hotspot\share\interpreter\linkResolver.cpp, line 773]
Event: 0.359 Thread 0x00000189f3919d80 Exception <a 'java/lang/NoSuchMethodError'{0x00000007100e2c60}: 'java.lang.Object java.lang.invoke.DirectMethodHandle$Holder.invokeSpecial(java.lang.Object, java.lang.Object, java.lang.Object, int, java.lang.Object)'> (0x00000007100e2c60) 
thrown [s\open\src\hotspot\share\interpreter\linkResolver.cpp, line 773]
Event: 0.454 Thread 0x00000189f3bf67e0 Exception <a 'java/lang/NoSuchMethodError'{0x000000070fe62980}: 'void java.lang.invoke.DirectMethodHandle$Holder.invokeStaticInit(java.lang.Object)'> (0x000000070fe62980) 
thrown [s\open\src\hotspot\share\interpreter\linkResolver.cpp, line 773]
Event: 0.455 Thread 0x00000189f3919d80 Exception <a 'java/lang/NoSuchMethodError'{0x0000000710163aa8}: 'void java.lang.invoke.DirectMethodHandle$Holder.invokeStatic(java.lang.Object, java.lang.Object, java.lang.Object, java.lang.Object)'> (0x0000000710163aa8) 
thrown [s\open\src\hotspot\share\interpreter\linkResolver.cpp, line 773]
Event: 0.490 Thread 0x00000189f3bf67e0 Exception <a 'sun/nio/fs/WindowsException'{0x00000007110ceb40}> (0x00000007110ceb40) 
thrown [s\open\src\hotspot\share\prims\jni.cpp, line 519]
Event: 0.501 Thread 0x00000189f3bf67e0 Exception <a 'java/lang/ClassNotFoundException'{0x000000071114a380}: sun/awt/resources/spi/awtProvider> (0x000000071114a380) 
thrown [s\open\src\hotspot\share\classfile\systemDictionary.cpp, line 305]
Event: 0.504 Thread 0x00000189f3bf67e0 Exception <a 'java/io/FileNotFoundException'{0x0000000711159c38}> (0x0000000711159c38) 
thrown [s\open\src\hotspot\share\prims\jni.cpp, line 519]
Event: 0.505 Thread 0x00000189f3bf67e0 Exception <a 'java/io/FileNotFoundException'{0x000000071115b1c8}> (0x000000071115b1c8) 
thrown [s\open\src\hotspot\share\prims\jni.cpp, line 519]
Event: 0.507 Thread 0x00000189f3bf67e0 Exception <a 'sun/nio/fs/WindowsException'{0x00000007111606c0}> (0x00000007111606c0) 
thrown [s\open\src\hotspot\share\prims\jni.cpp, line 519]

VM Operations (12 events):
Event: 0.091 Executing VM operation: HandshakeAllThreads
Event: 0.091 Executing VM operation: HandshakeAllThreads done
Event: 0.091 Executing VM operation: HandshakeAllThreads
Event: 0.091 Executing VM operation: HandshakeAllThreads done
Event: 0.117 Executing VM operation: HandshakeAllThreads
Event: 0.117 Executing VM operation: HandshakeAllThreads done
Event: 0.131 Executing VM operation: HandshakeAllThreads
Event: 0.131 Executing VM operation: HandshakeAllThreads done
Event: 0.351 Executing VM operation: HandshakeAllThreads
Event: 0.351 Executing VM operation: HandshakeAllThreads done
Event: 0.482 Executing VM operation: G1CollectForAllocation
Event: 0.485 Executing VM operation: G1CollectForAllocation done

Events (20 events):
Event: 0.020 Thread 0x00000189eecb4310 Thread added: 0x00000189eecb4310
Event: 0.020 Thread 0x00000189eecb50b0 Thread added: 0x00000189eecb50b0
Event: 0.020 Thread 0x00000189eecb6c80 Thread added: 0x00000189eecb6c80
Event: 0.020 Thread 0x00000189eecb7b70 Thread added: 0x00000189eecb7b70
Event: 0.020 Thread 0x00000189eecba660 Thread added: 0x00000189eecba660
Event: 0.020 Thread 0x00000189eecc84a0 Thread added: 0x00000189eecc84a0
Event: 0.021 Thread 0x00000189eecd1410 Thread added: 0x00000189eecd1410
Event: 0.037 Thread 0x00000189f30ed4a0 Thread added: 0x00000189f30ed4a0
Event: 0.058 Thread 0x00000189eecd19a0 Thread added: 0x00000189eecd19a0
Event: 0.060 Thread 0x00000189eecd2fe0 Thread added: 0x00000189eecd2fe0
Event: 0.115 Thread 0x00000189f3894290 Thread added: 0x00000189f3894290
Event: 0.115 Thread 0x00000189f3880d90 Thread added: 0x00000189f3880d90
Event: 0.119 Thread 0x00000189f37e22a0 Thread added: 0x00000189f37e22a0
Event: 0.124 Thread 0x00000189f3919d80 Thread added: 0x00000189f3919d80
Event: 0.267 Thread 0x00000189eecd2fe0 Thread exited: 0x00000189eecd2fe0
Event: 0.280 Thread 0x00000189f3727ca0 Thread added: 0x00000189f3727ca0
Event: 0.357 Thread 0x00000189f399e020 Thread added: 0x00000189f399e020
Event: 0.359 Thread 0x00000189f3bf67e0 Thread added: 0x00000189f3bf67e0
Event: 0.460 Thread 0x00000189eecd19a0 Thread exited: 0x00000189eecd19a0
Event: 0.472 Thread 0x00000189f3e7e390 Thread added: 0x00000189f3e7e390


Dynamic libraries:
0x00007ff620880000 - 0x00007ff62088e000 	C:\Users\kuba2\.jdks\openjdk-20.0.1\bin\java.exe
0x00007ff8951f0000 - 0x00007ff8953e7000 	C:\Windows\SYSTEM32\ntdll.dll
0x00007ff893ca0000 - 0x00007ff893d5d000 	C:\Windows\System32\KERNEL32.DLL
0x00007ff892f50000 - 0x00007ff893246000 	C:\Windows\System32\KERNELBASE.dll
0x00007ff892980000 - 0x00007ff892a80000 	C:\Windows\System32\ucrtbase.dll
0x00007ff87ff90000 - 0x00007ff87ffab000 	C:\Users\kuba2\.jdks\openjdk-20.0.1\bin\VCRUNTIME140.dll
0x00007ff880630000 - 0x00007ff880647000 	C:\Users\kuba2\.jdks\openjdk-20.0.1\bin\jli.dll
0x00007ff893af0000 - 0x00007ff893c8e000 	C:\Windows\System32\USER32.dll
0x00007ff892bf0000 - 0x00007ff892c12000 	C:\Windows\System32\win32u.dll
0x00007ff881c80000 - 0x00007ff881f1a000 	C:\Windows\WinSxS\amd64_microsoft.windows.common-controls_6595b64144ccf1df_6.0.19041.3570_none_60bb2a3971f3e41a\COMCTL32.dll
0x00007ff894740000 - 0x00007ff89476c000 	C:\Windows\System32\GDI32.dll
0x00007ff893f80000 - 0x00007ff89401e000 	C:\Windows\System32\msvcrt.dll
0x00007ff892a80000 - 0x00007ff892b9a000 	C:\Windows\System32\gdi32full.dll
0x00007ff892db0000 - 0x00007ff892e4d000 	C:\Windows\System32\msvcp_win.dll
0x00007ff893d60000 - 0x00007ff893d90000 	C:\Windows\System32\IMM32.DLL
0x00007ff884910000 - 0x00007ff88491c000 	C:\Users\kuba2\.jdks\openjdk-20.0.1\bin\vcruntime140_1.dll
0x00007ff869df0000 - 0x00007ff869e7e000 	C:\Users\kuba2\.jdks\openjdk-20.0.1\bin\msvcp140.dll
0x00007ff830a60000 - 0x00007ff8316f7000 	C:\Users\kuba2\.jdks\openjdk-20.0.1\bin\server\jvm.dll
0x00007ff893ed0000 - 0x00007ff893f7e000 	C:\Windows\System32\ADVAPI32.dll
0x00007ff895110000 - 0x00007ff8951ac000 	C:\Windows\System32\sechost.dll
0x00007ff893da0000 - 0x00007ff893ec6000 	C:\Windows\System32\RPCRT4.dll
0x00007ff87da70000 - 0x00007ff87da79000 	C:\Windows\SYSTEM32\WSOCK32.dll
0x00007ff87da40000 - 0x00007ff87da67000 	C:\Windows\SYSTEM32\WINMM.dll
0x00007ff888690000 - 0x00007ff88869a000 	C:\Windows\SYSTEM32\VERSION.dll
0x00007ff894540000 - 0x00007ff8945ab000 	C:\Windows\System32\WS2_32.dll
0x00007ff890790000 - 0x00007ff8907a2000 	C:\Windows\SYSTEM32\kernel.appcore.dll
0x00007ff8848b0000 - 0x00007ff8848ba000 	C:\Users\kuba2\.jdks\openjdk-20.0.1\bin\jimage.dll
0x00007ff87c330000 - 0x00007ff87c514000 	C:\Windows\SYSTEM32\DBGHELP.DLL
0x00007ff8753f0000 - 0x00007ff875424000 	C:\Windows\SYSTEM32\dbgcore.DLL
0x00007ff892ec0000 - 0x00007ff892f42000 	C:\Windows\System32\bcryptPrimitives.dll
0x00007ff890050000 - 0x00007ff89005e000 	C:\Users\kuba2\.jdks\openjdk-20.0.1\bin\instrument.dll
0x00007ff87c7f0000 - 0x00007ff87c816000 	C:\Users\kuba2\.jdks\openjdk-20.0.1\bin\java.dll
0x00007ff841b00000 - 0x00007ff841bd7000 	C:\Users\kuba2\.jdks\openjdk-20.0.1\bin\jsvml.dll
0x00007ff8933a0000 - 0x00007ff893ae4000 	C:\Windows\System32\SHELL32.dll
0x00007ff890990000 - 0x00007ff89112b000 	C:\Windows\SYSTEM32\windows.storage.dll
0x00007ff894be0000 - 0x00007ff894f34000 	C:\Windows\System32\combase.dll
0x00007ff892310000 - 0x00007ff89233d000 	C:\Windows\SYSTEM32\Wldp.dll
0x00007ff894490000 - 0x00007ff89453d000 	C:\Windows\System32\SHCORE.dll
0x00007ff894020000 - 0x00007ff894075000 	C:\Windows\System32\shlwapi.dll
0x00007ff892800000 - 0x00007ff892825000 	C:\Windows\SYSTEM32\profapi.dll
0x00007ff87e8a0000 - 0x00007ff87e8b3000 	C:\Users\kuba2\.jdks\openjdk-20.0.1\bin\net.dll
0x00007ff88b0b0000 - 0x00007ff88b1ba000 	C:\Windows\SYSTEM32\WINHTTP.dll
0x00007ff892070000 - 0x00007ff8920da000 	C:\Windows\system32\mswsock.dll
0x00007ff87de80000 - 0x00007ff87de96000 	C:\Users\kuba2\.jdks\openjdk-20.0.1\bin\nio.dll
0x00007ff87c720000 - 0x00007ff87c738000 	C:\Users\kuba2\.jdks\openjdk-20.0.1\bin\zip.dll
0x00007ff885240000 - 0x00007ff88525a000 	R:\IntelliJ\IntelliJ IDEA Community Edition 2023.1\bin\breakgen64.dll
0x00007ff891d60000 - 0x00007ff891e2a000 	C:\Windows\SYSTEM32\DNSAPI.dll
0x00007ff891d10000 - 0x00007ff891d4b000 	C:\Windows\SYSTEM32\IPHLPAPI.DLL
0x00007ff893d90000 - 0x00007ff893d98000 	C:\Windows\System32\NSI.dll
0x000000005eac0000 - 0x000000005eacb000 	C:\Program Files\National Instruments\Shared\mDNS Responder\nimdnsNSP.dll
0x000000005eaa0000 - 0x000000005eab1000 	C:\Windows\SYSTEM32\nimdnsResponder.dll
0x00007ff8897c0000 - 0x00007ff8897ca000 	C:\Windows\System32\rasadhlp.dll
0x00007ff88a6f0000 - 0x00007ff88a772000 	C:\Windows\System32\fwpuclnt.dll
0x00007ff892c20000 - 0x00007ff892c47000 	C:\Windows\System32\bcrypt.dll
0x00000189eee40000 - 0x00000189eee43000 	C:\Users\kuba2\.openjfx\cache\17.0.6\api-ms-win-core-console-l1-1-0.dll
0x00000189eee50000 - 0x00000189eee53000 	C:\Users\kuba2\.openjfx\cache\17.0.6\api-ms-win-core-console-l1-2-0.dll
0x00000189eee60000 - 0x00000189eee63000 	C:\Users\kuba2\.openjfx\cache\17.0.6\api-ms-win-core-datetime-l1-1-0.dll
0x00000189eee70000 - 0x00000189eee73000 	C:\Users\kuba2\.openjfx\cache\17.0.6\api-ms-win-core-debug-l1-1-0.dll
0x00000189eee80000 - 0x00000189eee83000 	C:\Users\kuba2\.openjfx\cache\17.0.6\api-ms-win-core-errorhandling-l1-1-0.dll
0x00000189eee90000 - 0x00000189eee94000 	C:\Users\kuba2\.openjfx\cache\17.0.6\api-ms-win-core-file-l1-1-0.dll
0x00000189eeea0000 - 0x00000189eeea3000 	C:\Users\kuba2\.openjfx\cache\17.0.6\api-ms-win-core-file-l1-2-0.dll
0x00000189eeeb0000 - 0x00000189eeeb3000 	C:\Users\kuba2\.openjfx\cache\17.0.6\api-ms-win-core-file-l2-1-0.dll
0x00000189eeec0000 - 0x00000189eeec3000 	C:\Users\kuba2\.openjfx\cache\17.0.6\api-ms-win-core-handle-l1-1-0.dll
0x00000189eeed0000 - 0x00000189eeed3000 	C:\Users\kuba2\.openjfx\cache\17.0.6\api-ms-win-core-heap-l1-1-0.dll
0x00000189eeee0000 - 0x00000189eeee3000 	C:\Users\kuba2\.openjfx\cache\17.0.6\api-ms-win-core-interlocked-l1-1-0.dll
0x00000189eeef0000 - 0x00000189eeef3000 	C:\Users\kuba2\.openjfx\cache\17.0.6\api-ms-win-core-libraryloader-l1-1-0.dll
0x00000189eef00000 - 0x00000189eef03000 	C:\Users\kuba2\.openjfx\cache\17.0.6\api-ms-win-core-localization-l1-2-0.dll
0x00000189eef10000 - 0x00000189eef13000 	C:\Users\kuba2\.openjfx\cache\17.0.6\api-ms-win-core-memory-l1-1-0.dll
0x00000189eef20000 - 0x00000189eef23000 	C:\Users\kuba2\.openjfx\cache\17.0.6\api-ms-win-core-namedpipe-l1-1-0.dll
0x00000189eef30000 - 0x00000189eef33000 	C:\Users\kuba2\.openjfx\cache\17.0.6\api-ms-win-core-processenvironment-l1-1-0.dll
0x00000189eef40000 - 0x00000189eef43000 	C:\Users\kuba2\.openjfx\cache\17.0.6\api-ms-win-core-processthreads-l1-1-0.dll
0x00000189eef50000 - 0x00000189eef53000 	C:\Users\kuba2\.openjfx\cache\17.0.6\api-ms-win-core-processthreads-l1-1-1.dll
0x00000189eef60000 - 0x00000189eef63000 	C:\Users\kuba2\.openjfx\cache\17.0.6\api-ms-win-core-profile-l1-1-0.dll
0x00000189eef70000 - 0x00000189eef73000 	C:\Users\kuba2\.openjfx\cache\17.0.6\api-ms-win-core-rtlsupport-l1-1-0.dll
0x00000189eef80000 - 0x00000189eef83000 	C:\Users\kuba2\.openjfx\cache\17.0.6\api-ms-win-core-string-l1-1-0.dll
0x00000189eef90000 - 0x00000189eef93000 	C:\Users\kuba2\.openjfx\cache\17.0.6\api-ms-win-core-synch-l1-1-0.dll
0x00000189eefa0000 - 0x00000189eefa3000 	C:\Users\kuba2\.openjfx\cache\17.0.6\api-ms-win-core-synch-l1-2-0.dll
0x00000189eefb0000 - 0x00000189eefb3000 	C:\Users\kuba2\.openjfx\cache\17.0.6\api-ms-win-core-sysinfo-l1-1-0.dll
0x00000189eefc0000 - 0x00000189eefc3000 	C:\Users\kuba2\.openjfx\cache\17.0.6\api-ms-win-core-timezone-l1-1-0.dll
0x00000189eefd0000 - 0x00000189eefd3000 	C:\Users\kuba2\.openjfx\cache\17.0.6\api-ms-win-core-util-l1-1-0.dll
0x00000189eefe0000 - 0x00000189eefe3000 	C:\Users\kuba2\.openjfx\cache\17.0.6\api-ms-win-crt-conio-l1-1-0.dll
0x00000189eeff0000 - 0x00000189eeff4000 	C:\Users\kuba2\.openjfx\cache\17.0.6\api-ms-win-crt-convert-l1-1-0.dll
0x00000189f4f10000 - 0x00000189f4f13000 	C:\Users\kuba2\.openjfx\cache\17.0.6\api-ms-win-crt-environment-l1-1-0.dll
0x00000189f4f20000 - 0x00000189f4f23000 	C:\Users\kuba2\.openjfx\cache\17.0.6\api-ms-win-crt-filesystem-l1-1-0.dll
0x00000189f4f30000 - 0x00000189f4f33000 	C:\Users\kuba2\.openjfx\cache\17.0.6\api-ms-win-crt-heap-l1-1-0.dll
0x00000189f4f40000 - 0x00000189f4f43000 	C:\Users\kuba2\.openjfx\cache\17.0.6\api-ms-win-crt-locale-l1-1-0.dll
0x00000189f4f50000 - 0x00000189f4f55000 	C:\Users\kuba2\.openjfx\cache\17.0.6\api-ms-win-crt-math-l1-1-0.dll
0x00000189f4f60000 - 0x00000189f4f65000 	C:\Users\kuba2\.openjfx\cache\17.0.6\api-ms-win-crt-multibyte-l1-1-0.dll
0x00000189f4f70000 - 0x00000189f4f80000 	C:\Users\kuba2\.openjfx\cache\17.0.6\api-ms-win-crt-private-l1-1-0.dll
0x00000189f4f80000 - 0x00000189f4f83000 	C:\Users\kuba2\.openjfx\cache\17.0.6\api-ms-win-crt-process-l1-1-0.dll
0x00000189f4f90000 - 0x00000189f4f94000 	C:\Users\kuba2\.openjfx\cache\17.0.6\api-ms-win-crt-runtime-l1-1-0.dll
0x00000189f4fa0000 - 0x00000189f4fa4000 	C:\Users\kuba2\.openjfx\cache\17.0.6\api-ms-win-crt-stdio-l1-1-0.dll
0x00000189f4fb0000 - 0x00000189f4fb4000 	C:\Users\kuba2\.openjfx\cache\17.0.6\api-ms-win-crt-string-l1-1-0.dll
0x00000189f4fc0000 - 0x00000189f4fc3000 	C:\Users\kuba2\.openjfx\cache\17.0.6\api-ms-win-crt-time-l1-1-0.dll
0x00000189f4fd0000 - 0x00000189f4fd3000 	C:\Users\kuba2\.openjfx\cache\17.0.6\api-ms-win-crt-utility-l1-1-0.dll
0x00007ff865cb0000 - 0x00007ff865dac000 	C:\Users\kuba2\.openjfx\cache\17.0.6\ucrtbase.dll
0x00007ff884960000 - 0x00007ff88497a000 	C:\Users\kuba2\.openjfx\cache\17.0.6\vcruntime140.dll
0x00007ff8849a0000 - 0x00007ff8849ac000 	C:\Users\kuba2\.openjfx\cache\17.0.6\vcruntime140_1.dll
0x00007ff875230000 - 0x00007ff8752bd000 	C:\Users\kuba2\.openjfx\cache\17.0.6\msvcp140.dll
0x00007ff884940000 - 0x00007ff884949000 	C:\Users\kuba2\.openjfx\cache\17.0.6\msvcp140_1.dll
0x00007ff8826f0000 - 0x00007ff88271f000 	C:\Users\kuba2\.openjfx\cache\17.0.6\msvcp140_2.dll
0x00007ff8826c0000 - 0x00007ff8826ea000 	C:\Users\kuba2\.openjfx\cache\17.0.6\prism_d3d.dll
0x00007ff85f7a0000 - 0x00007ff85f96d000 	C:\Windows\system32\d3d9.dll
0x00007ff8905b0000 - 0x00007ff8905df000 	C:\Windows\SYSTEM32\dwmapi.dll
0x00007ff8902c0000 - 0x00007ff89035e000 	C:\Windows\system32\uxtheme.dll
0x00007ff841140000 - 0x00007ff8411fc000 	C:\Windows\System32\DriverStore\FileRepository\nvmdi.inf_amd64_42df78e1ec0db843\nvldumdx.dll
0x00007ff8924a0000 - 0x00007ff8924b2000 	C:\Windows\SYSTEM32\msasn1.dll
0x00007ff888650000 - 0x00007ff888681000 	C:\Windows\SYSTEM32\cryptnet.dll
0x00007ff892c50000 - 0x00007ff892dad000 	C:\Windows\System32\CRYPT32.dll
0x00007ff889480000 - 0x00007ff8895c8000 	C:\Windows\SYSTEM32\drvstore.dll
0x00007ff892660000 - 0x00007ff892693000 	C:\Windows\SYSTEM32\devobj.dll
0x00007ff892ba0000 - 0x00007ff892bee000 	C:\Windows\System32\cfgmgr32.dll
0x00007ff892260000 - 0x00007ff89226c000 	C:\Windows\SYSTEM32\cryptbase.dll
0x00007ff892e50000 - 0x00007ff892eb7000 	C:\Windows\System32\wintrust.dll
0x00007ff8950f0000 - 0x00007ff89510d000 	C:\Windows\System32\imagehlp.dll
0x00007ff892270000 - 0x00007ff892288000 	C:\Windows\SYSTEM32\CRYPTSP.dll
0x00007ff891910000 - 0x00007ff891944000 	C:\Windows\system32\rsaenh.dll
0x00007ff803660000 - 0x00007ff80584e000 	C:\Windows\System32\DriverStore\FileRepository\nvmdi.inf_amd64_42df78e1ec0db843\nvgpucomp64.dll
0x00007ff817350000 - 0x00007ff819d15000 	C:\Windows\System32\DriverStore\FileRepository\nvmdi.inf_amd64_42df78e1ec0db843\nvd3dumx.dll
0x00007ff875c60000 - 0x00007ff875ca2000 	C:\Users\kuba2\.openjfx\cache\17.0.6\glass.dll
0x00007ff8932c0000 - 0x00007ff89339a000 	C:\Windows\System32\COMDLG32.dll
0x00007ff894290000 - 0x00007ff8943bb000 	C:\Windows\System32\ole32.dll
0x00007ff8943c0000 - 0x00007ff89448d000 	C:\Windows\System32\OLEAUT32.dll
0x00007ff894f40000 - 0x00007ff895054000 	C:\Windows\System32\MSCTF.dll
0x00007ff821ef0000 - 0x00007ff8221c1000 	C:\Windows\system32\nvspcap64.dll
0x00007ff891a30000 - 0x00007ff891a63000 	C:\Windows\SYSTEM32\ntmarta.dll
0x00007ff891140000 - 0x00007ff891163000 	C:\Windows\SYSTEM32\gpapi.dll
0x00007ff889780000 - 0x00007ff8897bb000 	C:\Windows\SYSTEM32\dxcore.dll

dbghelp: loaded successfully - version: 4.0.5 - missing functions: none
symbol engine: initialized successfully - sym options: 0x614 - pdb path: .;C:\Users\kuba2\.jdks\openjdk-20.0.1\bin;C:\Windows\SYSTEM32;C:\Windows\WinSxS\amd64_microsoft.windows.common-controls_6595b64144ccf1df_6.0.19041.3570_none_60bb2a3971f3e41a;C:\Users\kuba2\.jdks\openjdk-20.0.1\bin\server;R:\IntelliJ\IntelliJ IDEA Community Edition 2023.1\bin;C:\Program Files\National Instruments\Shared\mDNS Responder;C:\Users\kuba2\.openjfx\cache\17.0.6;C:\Windows\System32\DriverStore\FileRepository\nvmdi.inf_amd64_42df78e1ec0db843

VM Arguments:
jvm_args: -javaagent:R:\IntelliJ\IntelliJ IDEA Community Edition 2023.1\lib\idea_rt.jar=61045:R:\IntelliJ\IntelliJ IDEA Community Edition 2023.1\bin -Dfile.encoding=UTF-8 -Dsun.stdout.encoding=UTF-8 -Dsun.stderr.encoding=UTF-8 --module-path=C:\Users\kuba2\.m2\repository\org\openjfx\javafx-controls\17.0.6\javafx-controls-17.0.6-win.jar;C:\Users\kuba2\.m2\repository\org\openjfx\javafx-base\17.0.6\javafx-base-17.0.6-win.jar;Z:\Kuba\Kuba\Studia\Semestr 5\Java\HealthGuardian\HealthGuardian\target\classes;C:\Users\kuba2\.m2\repository\org\openjfx\javafx-graphics\17.0.6\javafx-graphics-17.0.6-win.jar;C:\Users\kuba2\.m2\repository\org\openjfx\javafx-fxml\17.0.6\javafx-fxml-17.0.6-win.jar -Djdk.module.main=com.healthguardian.healthguardian 
java_command: com.healthguardian.healthguardian/Client.Start
java_class_path (initial): C:\Users\kuba2\.m2\repository\org\openjfx\javafx-controls\17.0.6\javafx-controls-17.0.6.jar;C:\Users\kuba2\.m2\repository\org\openjfx\javafx-graphics\17.0.6\javafx-graphics-17.0.6.jar;C:\Users\kuba2\.m2\repository\org\openjfx\javafx-base\17.0.6\javafx-base-17.0.6.jar;C:\Users\kuba2\.m2\repository\org\openjfx\javafx-fxml\17.0.6\javafx-fxml-17.0.6.jar;C:\Users\kuba2\.m2\repository\mysql\mysql-connector-java\8.0.28\mysql-connector-java-8.0.28.jar;C:\Users\kuba2\.m2\repository\com\google\protobuf\protobuf-java\3.11.4\protobuf-java-3.11.4.jar
Launcher Type: SUN_STANDARD

[Global flags]
     intx CICompilerCount                          = 4                                         {product} {ergonomic}
     uint ConcGCThreads                            = 3                                         {product} {ergonomic}
     uint G1ConcRefinementThreads                  = 10                                        {product} {ergonomic}
   size_t G1HeapRegionSize                         = 2097152                                   {product} {ergonomic}
    uintx GCDrainStackTargetSize                   = 64                                        {product} {ergonomic}
   size_t InitialHeapSize                          = 268435456                                 {product} {ergonomic}
   size_t MarkStackSize                            = 4194304                                   {product} {ergonomic}
   size_t MaxHeapSize                              = 4276092928                                {product} {ergonomic}
   size_t MaxNewSize                               = 2564816896                                {product} {ergonomic}
   size_t MinHeapDeltaBytes                        = 2097152                                   {product} {ergonomic}
   size_t MinHeapSize                              = 8388608                                   {product} {ergonomic}
    uintx NonNMethodCodeHeapSize                   = 5839372                                {pd product} {ergonomic}
    uintx NonProfiledCodeHeapSize                  = 122909434                              {pd product} {ergonomic}
    uintx ProfiledCodeHeapSize                     = 122909434                              {pd product} {ergonomic}
    uintx ReservedCodeCacheSize                    = 251658240                              {pd product} {ergonomic}
     bool SegmentedCodeCache                       = true                                      {product} {ergonomic}
   size_t SoftMaxHeapSize                          = 4276092928                             {manageable} {ergonomic}
     bool UseCompressedClassPointers               = true                           {product lp64_product} {ergonomic}
     bool UseCompressedOops                        = true                           {product lp64_product} {ergonomic}
     bool UseG1GC                                  = true                                      {product} {ergonomic}
     bool UseLargePagesIndividualAllocation        = false                                  {pd product} {ergonomic}

Logging:
Log output configuration:
 #0: stdout all=warning uptime,level,tags foldmultilines=false
 #1: stderr all=off uptime,level,tags foldmultilines=false

Environment Variables:
PATH=C:\Program Files (x86)\Common Files\Oracle\Java\javapath;C:\Program Files\Eclipse Foundation\jdk-8.0.302.8-hotspot\bin;C:\Windows\system32;C:\Windows;C:\Windows\System32\Wbem;C:\Windows\System32\WindowsPowerShell\v1.0\;C:\Windows\System32\OpenSSH\;C:\Program Files\NVIDIA Corporation\NVIDIA NvDLISR;C:\Program Files\dotnet\;C:\Program Files (x86)\NVIDIA Corporation\PhysX\Common;C:\Program Files\Git\cmd;Z:\MinGW\bin;C:\Program Files (x86)\IVI Foundation\VISA\WinNT\Bin\;C:\Program Files\IVI Foundation\VISA\Win64\Bin\;C:\Program Files (x86)\National Instruments\Shared\LabVIEW CLI;C:\Program Files (x86)\IVI Foundation\IVI\Bin\;C:\Program Files\IVI Foundation\IVI\Bin\;C:\Program Files (x86)\IVI Foundation\VISA\WinNT\Bin;C:\Users\kuba2\AppData\Local\Microsoft\WindowsApps;R:\Intel\modelsim_ase\win32aloem;C:\Users\kuba2\.dotnet\tools;Z:\Visual Studio Code\Microsoft VS Code\bin;C:\Users\kuba2\AppData\Local\GitHubDesktop\bin
USERNAME=kuba2
OS=Windows_NT
PROCESSOR_IDENTIFIER=AMD64 Family 23 Model 113 Stepping 0, AuthenticAMD
TMP=C:\Users\kuba2\AppData\Local\Temp
TEMP=C:\Users\kuba2\AppData\Local\Temp




---------------  S Y S T E M  ---------------

OS:
 Windows 10 , 64 bit Build 19041 (10.0.19041.3570)
OS uptime: 11 days 0:54 hours

CPU: total 12 (initial active 12) (12 cores per cpu, 2 threads per core) family 23 model 113 stepping 0 microcode 0x0, cx8, cmov, fxsr, ht, mmx, 3dnowpref, sse, sse2, sse3, ssse3, sse4a, sse4.1, sse4.2, popcnt, lzcnt, tsc, tscinvbit, avx, avx2, aes, clmul, bmi1, bmi2, adx, sha, fma, vzeroupper, clflush, clflushopt, rdtscp, rdpid, f16c

Memory: 4k page, system-wide physical 16310M (2971M free)
TotalPageFile size 37693M (AvailPageFile size 3M)
current process WorkingSet (physical memory assigned to process): 94M, peak: 94M
current process commit charge ("private bytes"): 377M, peak: 384M

vm_info: OpenJDK 64-Bit Server VM (20.0.1+9-29) for windows-amd64 JRE (20.0.1+9-29), built on 2023-03-07T13:56:11Z by "mach5one" with MS VC++ 17.1 (VS2022)

END.
